#
# A fatal error has been detected by the Java Runtime Environment:
#
#  EXCEPTION_ACCESS_VIOLATION (0xc0000005) at pc=0x0000000072bf315f, pid=3340, tid=5020
#
# JRE version: Java(TM) SE Runtime Environment (7.0_79-b15) (build 1.7.0_79-b15)
# Java VM: Java HotSpot(TM) 64-Bit Server VM (24.79-b02 mixed mode windows-amd64 compressed oops)
# Problematic frame:
# V  [jvm.dll+0xa315f]
#
# Failed to write core dump. Minidumps are not enabled by default on client versions of Windows
#
# If you would like to submit a bug report, please visit:
#   http://bugreport.java.com/bugreport/crash.jsp
#

---------------  T H R E A D  ---------------

Current thread (0x000000000c8f6000):  JavaThread "AWT-EventQueue-0" [_thread_in_vm, id=5020, stack(0x000000000d830000,0x000000000d930000)]

siginfo: ExceptionCode=0xc0000005, reading address 0xffffffff80400025

Registers:
RAX=0x000000000ae3e6a0, RBX=0x000000000ae3e6a0, RCX=0xffffffff80400001, RDX=0x000000000ae3e690
RSP=0x000000000d92b7e0, RBP=0x000000000c8f6000, RSI=0x00000000000001ae, RDI=0x0000000000000000
R8 =0x000000000ae3e688, R9 =0xffffffff80400001, R10=0x000000000015ef00, R11=0x000000000d92b8c8
R12=0x0000000000000001, R13=0x000000000d92ba00, R14=0x000000000ad37080, R15=0x000000000ad34280
RIP=0x0000000072bf315f, EFLAGS=0x0000000000010202

Top of Stack: (sp=0x000000000d92b7e0)
0x000000000d92b7e0:   000000000c8f6000 0000000072d3cf9f
0x000000000d92b7f0:   0000000002b35410 0000000000000000
0x000000000d92b800:   0000000000000000 0000000072bd0b2f
0x000000000d92b810:   000091cc101f50eb 000000000ae3e680
0x000000000d92b820:   0000000000000000 000000000d92b818
0x000000000d92b830:   000000000ad34280 000000000ad37080
0x000000000d92b840:   000000000ae3e678 000000000ae3e668
0x000000000d92b850:   0000000000000064 000000000c8f6000
0x000000000d92b860:   000000000d92ba00 0000000072bf3cba
0x000000000d92b870:   000000000c8f6000 000000000ae3e690
0x000000000d92b880:   000000000ae3e678 000000000d92b930
0x000000000d92b890:   000000000ae3e688 0000000072c27901
0x000000000d92b8a0:   000000000c8f6000 0000000000000064
0x000000000d92b8b0:   000000000ae3e690 0000000000000000
0x000000000d92b8c0:   000000000ae3e680 0000000072bf4de3
0x000000000d92b8d0:   000000000ae3e688 000000000ae3e660 

Instructions: (pc=0x0000000072bf315f)
0x0000000072bf313f:   a1 00 00 4c 89 66 08 4c 89 6e 10 4c 89 76 18 e9
0x0000000072bf314f:   ea 00 00 00 45 84 e4 0f 84 c0 00 00 00 48 8b 0b
0x0000000072bf315f:   8b 41 24 c1 e8 0a a8 01 0f 84 af 00 00 00 48 8b
0x0000000072bf316f:   b5 18 01 00 00 48 8b 41 10 0f b7 50 3a 48 8b 48 


Register to memory mapping:

RAX=0x000000000ae3e6a0 is an unknown value
RBX=0x000000000ae3e6a0 is an unknown value
RCX=0xffffffff80400001 is an unknown value
RDX=0x000000000ae3e690 is an unknown value
RSP=0x000000000d92b7e0 is pointing into the stack for thread: 0x000000000c8f6000
RBP=0x000000000c8f6000 is a thread
RSI=0x00000000000001ae is an unknown value
RDI=0x0000000000000000 is an unknown value
R8 =0x000000000ae3e688 is an unknown value
R9 =0xffffffff80400001 is an unknown value
R10=0x000000000015ef00 is an unknown value
R11=0x000000000d92b8c8 is pointing into the stack for thread: 0x000000000c8f6000
R12=0x0000000000000001 is an unknown value
R13=0x000000000d92ba00 is pointing into the stack for thread: 0x000000000c8f6000
R14=0x000000000ad37080 is an unknown value
R15=0x000000000ad34280 is an unknown value


Stack: [0x000000000d830000,0x000000000d930000],  sp=0x000000000d92b7e0,  free space=1005k
Native frames: (J=compiled Java code, j=interpreted, Vv=VM code, C=native code)
V  [jvm.dll+0xa315f]

Java frames: (J=compiled Java code, j=interpreted, Vv=VM code)
j  java.awt.DefaultKeyboardFocusManager.dispatchEvent(Ljava/awt/AWTEvent;)Z+1395
j  java.awt.Component.dispatchEventImpl(Ljava/awt/AWTEvent;)V+144
j  java.awt.Container.dispatchEventImpl(Ljava/awt/AWTEvent;)V+42
j  java.awt.Window.dispatchEventImpl(Ljava/awt/AWTEvent;)V+19
j  java.awt.Component.dispatchEvent(Ljava/awt/AWTEvent;)V+2
j  java.awt.EventQueue.dispatchEventImpl(Ljava/awt/AWTEvent;Ljava/lang/Object;)V+41
j  java.awt.EventQueue.access$300(Ljava/awt/EventQueue;Ljava/awt/AWTEvent;Ljava/lang/Object;)V+3
j  java.awt.EventQueue$3.run()Ljava/lang/Void;+12
j  java.awt.EventQueue$3.run()Ljava/lang/Object;+1
v  ~StubRoutines::call_stub
j  java.security.AccessController.doPrivileged(Ljava/security/PrivilegedAction;Ljava/security/AccessControlContext;)Ljava/lang/Object;+0
j  java.security.ProtectionDomain$1.doIntersectionPrivilege(Ljava/security/PrivilegedAction;Ljava/security/AccessControlContext;Ljava/security/AccessControlContext;)Ljava/lang/Object;+28
j  java.security.ProtectionDomain$1.doIntersectionPrivilege(Ljava/security/PrivilegedAction;Ljava/security/AccessControlContext;)Ljava/lang/Object;+6
j  java.awt.EventQueue$4.run()Ljava/lang/Void;+11
j  java.awt.EventQueue$4.run()Ljava/lang/Object;+1
v  ~StubRoutines::call_stub
j  java.security.AccessController.doPrivileged(Ljava/security/PrivilegedAction;Ljava/security/AccessControlContext;)Ljava/lang/Object;+0
j  java.security.ProtectionDomain$1.doIntersectionPrivilege(Ljava/security/PrivilegedAction;Ljava/security/AccessControlContext;Ljava/security/AccessControlContext;)Ljava/lang/Object;+28
j  java.awt.EventQueue.dispatchEvent(Ljava/awt/AWTEvent;)V+73
j  java.awt.SequencedEvent.dispatch()V+110
j  java.awt.EventQueue.dispatchEventImpl(Ljava/awt/AWTEvent;Ljava/lang/Object;)V+21
j  java.awt.EventQueue.access$300(Ljava/awt/EventQueue;Ljava/awt/AWTEvent;Ljava/lang/Object;)V+3
j  java.awt.EventQueue$3.run()Ljava/lang/Void;+12
j  java.awt.EventQueue$3.run()Ljava/lang/Object;+1
v  ~StubRoutines::call_stub
j  java.security.AccessController.doPrivileged(Ljava/security/PrivilegedAction;Ljava/security/AccessControlContext;)Ljava/lang/Object;+0
j  java.security.ProtectionDomain$1.doIntersectionPrivilege(Ljava/security/PrivilegedAction;Ljava/security/AccessControlContext;Ljava/security/AccessControlContext;)Ljava/lang/Object;+28
j  java.security.ProtectionDomain$1.doIntersectionPrivilege(Ljava/security/PrivilegedAction;Ljava/security/AccessControlContext;)Ljava/lang/Object;+6
j  java.awt.EventQueue$4.run()Ljava/lang/Void;+11
j  java.awt.EventQueue$4.run()Ljava/lang/Object;+1
v  ~StubRoutines::call_stub
j  java.security.AccessController.doPrivileged(Ljava/security/PrivilegedAction;Ljava/security/AccessControlContext;)Ljava/lang/Object;+0
j  java.security.ProtectionDomain$1.doIntersectionPrivilege(Ljava/security/PrivilegedAction;Ljava/security/AccessControlContext;Ljava/security/AccessControlContext;)Ljava/lang/Object;+28
j  java.awt.EventQueue.dispatchEvent(Ljava/awt/AWTEvent;)V+73
j  java.awt.EventDispatchThread.pumpOneEventForFilters(I)V+245
j  java.awt.EventDispatchThread.pumpEventsForFilter(ILjava/awt/Conditional;Ljava/awt/EventFilter;)V+35
j  java.awt.EventDispatchThread.pumpEventsForHierarchy(ILjava/awt/Conditional;Ljava/awt/Component;)V+11
j  java.awt.EventDispatchThread.pumpEvents(ILjava/awt/Conditional;)V+4
j  java.awt.EventDispatchThread.pumpEvents(Ljava/awt/Conditional;)V+3
j  java.awt.EventDispatchThread.run()V+9
v  ~StubRoutines::call_stub

---------------  P R O C E S S  ---------------

Java Threads: ( => current thread )
=>0x000000000c8f6000 JavaThread "AWT-EventQueue-0" [_thread_in_vm, id=5020, stack(0x000000000d830000,0x000000000d930000)]
  0x000000000c85e800 JavaThread "AWT-Windows" daemon [_thread_blocked, id=1108, stack(0x000000000d320000,0x000000000d420000)]
  0x000000000c85e000 JavaThread "AWT-Shutdown" [_thread_blocked, id=3244, stack(0x000000000d220000,0x000000000d320000)]
  0x000000000c85d000 JavaThread "Java2D Disposer" daemon [_thread_blocked, id=4732, stack(0x000000000d120000,0x000000000d220000)]
  0x000000000ae41000 JavaThread "Service Thread" daemon [_thread_blocked, id=4220, stack(0x000000000c5b0000,0x000000000c6b0000)]
  0x000000000ae3a000 JavaThread "C2 CompilerThread1" daemon [_thread_blocked, id=4860, stack(0x000000000c4b0000,0x000000000c5b0000)]
  0x000000000ae34000 JavaThread "C2 CompilerThread0" daemon [_thread_blocked, id=2856, stack(0x000000000c3b0000,0x000000000c4b0000)]
  0x000000000ae33000 JavaThread "Attach Listener" daemon [_thread_blocked, id=3344, stack(0x000000000c2b0000,0x000000000c3b0000)]
  0x000000000ae30000 JavaThread "Signal Dispatcher" daemon [_thread_blocked, id=4064, stack(0x000000000c1b0000,0x000000000c2b0000)]
  0x000000000ae01000 JavaThread "Finalizer" daemon [_thread_blocked, id=4132, stack(0x000000000c0b0000,0x000000000c1b0000)]
  0x000000000adf8000 JavaThread "Reference Handler" daemon [_thread_blocked, id=4592, stack(0x000000000bfb0000,0x000000000c0b0000)]
  0x00000000028fd800 JavaThread "main" [_thread_in_native, id=1840, stack(0x0000000002930000,0x0000000002a30000)]

Other Threads:
  0x000000000adf4000 VMThread [stack: 0x000000000beb0000,0x000000000bfb0000] [id=3632]
  0x000000000ae53000 WatcherThread [stack: 0x000000000c6b0000,0x000000000c7b0000] [id=2164]

VM state:synchronizing (normal execution)

VM Mutex/Monitor currently owned by a thread:  ([mutex/lock_event])
[0x00000000028fc740] Threads_lock - owner thread: 0x000000000adf4000

Heap
 PSYoungGen      total 38400K, used 7755K [0x00000007d5d00000, 0x00000007d8780000, 0x0000000800000000)
  eden space 33280K, 23% used [0x00000007d5d00000,0x00000007d6492ff8,0x00000007d7d80000)
  from space 5120K, 0% used [0x00000007d8280000,0x00000007d8280000,0x00000007d8780000)
  to   space 5120K, 0% used [0x00000007d7d80000,0x00000007d7d80000,0x00000007d8280000)
 ParOldGen       total 86016K, used 0K [0x0000000781800000, 0x0000000786c00000, 0x00000007d5d00000)
  object space 86016K, 0% used [0x0000000781800000,0x0000000781800000,0x0000000786c00000)
 PSPermGen       total 21504K, used 9419K [0x000000077c600000, 0x000000077db00000, 0x0000000781800000)
  object space 21504K, 43% used [0x000000077c600000,0x000000077cf32ed0,0x000000077db00000)

Card table byte_map: [0x0000000005bf0000,0x0000000006010000] byte_map_base: 0x000000000200d000

Polling page: 0x0000000002810000

Code Cache  [0x0000000002b30000, 0x0000000002da0000, 0x0000000005b30000)
 total_blobs=397 nmethods=10 adapters=339 free_code_cache=48647Kb largest_free_block=49803200

Compilation events (10 events):
Event: 0.176 Thread 0x000000000ae34000    5             sun.java2d.loops.GraphicsPrimitive::getUniqueID (5 bytes)
Event: 0.176 Thread 0x000000000ae34000 nmethod 5 0x0000000002ba7210 code [0x0000000002ba7340, 0x0000000002ba7398]
Event: 0.210 Thread 0x000000000ae3a000    6             java.lang.String::equals (81 bytes)
Event: 0.214 Thread 0x000000000ae3a000 nmethod 6 0x0000000002bab6d0 code [0x0000000002bab820, 0x0000000002baba98]
Event: 0.244 Thread 0x000000000ae34000    7             java.util.Arrays::binarySearch0 (95 bytes)
Event: 0.246 Thread 0x000000000ae34000 nmethod 7 0x0000000002baf410 code [0x0000000002baf560, 0x0000000002baf718]
Event: 20.217 Thread 0x000000000ae3a000    9             java.util.HashMap::indexFor (6 bytes)
Event: 20.217 Thread 0x000000000ae3a000 nmethod 9 0x0000000002b9ca10 code [0x0000000002b9cb40, 0x0000000002b9cb78]
Event: 28.989 Thread 0x000000000ae34000   10             java.util.HashMap::hash (55 bytes)
Event: 28.990 Thread 0x000000000ae34000 nmethod 10 0x0000000002baca10 code [0x0000000002bacb60, 0x0000000002bacca8]

GC Heap History (0 events):
No events

Deoptimization events (0 events):
No events

Internal exceptions (10 events):
Event: 0.071 Thread 0x00000000028fd800 Threw 0x00000007d5d6fec0 at C:\re\jdk7u79\2331\hotspot\src\share\vm\prims\jvm.cpp:1304
Event: 0.071 Thread 0x00000000028fd800 Threw 0x00000007d5d6ffe8 at C:\re\jdk7u79\2331\hotspot\src\share\vm\prims\jvm.cpp:1304
Event: 0.073 Thread 0x00000000028fd800 Threw 0x00000007d5d75e78 at C:\re\jdk7u79\2331\hotspot\src\share\vm\prims\jvm.cpp:1304
Event: 0.073 Thread 0x00000000028fd800 Threw 0x00000007d5d75fa0 at C:\re\jdk7u79\2331\hotspot\src\share\vm\prims\jvm.cpp:1304
Event: 0.075 Thread 0x00000000028fd800 Threw 0x00000007d5d779d0 at C:\re\jdk7u79\2331\hotspot\src\share\vm\prims\jni.cpp:717
Event: 0.097 Thread 0x00000000028fd800 Threw 0x00000007d5d96160 at C:\re\jdk7u79\2331\hotspot\src\share\vm\prims\jni.cpp:717
Event: 0.126 Thread 0x00000000028fd800 Threw 0x00000007d5f29d80 at C:\re\jdk7u79\2331\hotspot\src\share\vm\prims\jvm.cpp:1304
Event: 0.126 Thread 0x00000000028fd800 Threw 0x00000007d5f2ae60 at C:\re\jdk7u79\2331\hotspot\src\share\vm\prims\jvm.cpp:1304
Event: 0.127 Thread 0x00000000028fd800 Threw 0x00000007d5f2f108 at C:\re\jdk7u79\2331\hotspot\src\share\vm\prims\jvm.cpp:1304
Event: 0.127 Thread 0x00000000028fd800 Threw 0x00000007d5f301e8 at C:\re\jdk7u79\2331\hotspot\src\share\vm\prims\jvm.cpp:1304

Events (10 events):
Event: 25.140 Executing VM operation: RevokeBias
Event: 25.140 Executing VM operation: RevokeBias done
Event: 25.140 Executing VM operation: RevokeBias
Event: 25.140 Executing VM operation: RevokeBias done
Event: 25.140 Executing VM operation: RevokeBias
Event: 25.140 Executing VM operation: RevokeBias done
Event: 25.143 Executing VM operation: RevokeBias
Event: 25.143 Executing VM operation: RevokeBias done
Event: 28.548 Executing VM operation: RevokeBias
Event: 28.548 Executing VM operation: RevokeBias done


Dynamic libraries:
0x00007ff652fc0000 - 0x00007ff652ff3000 	C:\Program Files\Java\jdk1.7.0_79\bin\java.exe
0x00007ffffe7a0000 - 0x00007ffffe94c000 	C:\Windows\SYSTEM32\ntdll.dll
0x00007ffffc280000 - 0x00007ffffc3ba000 	C:\Windows\system32\KERNEL32.DLL
0x00007ffffbaa0000 - 0x00007ffffbbb5000 	C:\Windows\system32\KERNELBASE.dll
0x00007ffffa570000 - 0x00007ffffa5fe000 	C:\Windows\system32\apphelp.dll
0x00007fffe7810000 - 0x00007fffe7863000 	C:\Windows\AppPatch\AppPatch64\AcGenral.DLL
0x00007ffffc910000 - 0x00007ffffc9b7000 	C:\Windows\system32\msvcrt.dll
0x00007ffffb750000 - 0x00007ffffb77b000 	C:\Windows\SYSTEM32\SspiCli.dll
0x00007ffffe740000 - 0x00007ffffe791000 	C:\Windows\system32\SHLWAPI.dll
0x00007ffffce40000 - 0x00007ffffcfb7000 	C:\Windows\system32\USER32.dll
0x00007ffffbf00000 - 0x00007ffffc094000 	C:\Windows\system32\ole32.dll
0x00007ffffd090000 - 0x00007ffffe5bb000 	C:\Windows\system32\SHELL32.dll
0x00007ffffaf60000 - 0x00007ffffaf7e000 	C:\Windows\SYSTEM32\USERENV.dll
0x00007ffffc9c0000 - 0x00007ffffca6a000 	C:\Windows\system32\ADVAPI32.dll
0x00007ffff38a0000 - 0x00007ffff38bb000 	C:\Windows\SYSTEM32\MPR.dll
0x00007ffffc790000 - 0x00007ffffc8d1000 	C:\Windows\system32\RPCRT4.dll
0x00007ffffe630000 - 0x00007ffffe689000 	C:\Windows\SYSTEM32\sechost.dll
0x00007ffffca70000 - 0x00007ffffcc46000 	C:\Windows\SYSTEM32\combase.dll
0x00007ffffc3c0000 - 0x00007ffffc50f000 	C:\Windows\system32\GDI32.dll
0x00007ffffb980000 - 0x00007ffffb994000 	C:\Windows\SYSTEM32\profapi.dll
0x00007ffffa200000 - 0x00007ffffa2b2000 	C:\Windows\SYSTEM32\SHCORE.dll
0x00007ffffce00000 - 0x00007ffffce34000 	C:\Windows\system32\IMM32.DLL
0x00007ffffc530000 - 0x00007ffffc682000 	C:\Windows\system32\MSCTF.dll
0x00007ffff9af0000 - 0x00007ffff9d6b000 	C:\Windows\WinSxS\amd64_microsoft.windows.common-controls_6595b64144ccf1df_6.0.9600.18006_none_623f33d3ecbe86e8\COMCTL32.dll
0x0000000072a70000 - 0x0000000072b42000 	C:\Program Files\Java\jdk1.7.0_79\jre\bin\msvcr100.dll
0x0000000072b50000 - 0x0000000073325000 	C:\Program Files\Java\jdk1.7.0_79\jre\bin\server\jvm.dll
0x00007ffff7710000 - 0x00007ffff7719000 	C:\Windows\SYSTEM32\WSOCK32.dll
0x00007ffff8d80000 - 0x00007ffff8d9f000 	C:\Windows\SYSTEM32\WINMM.dll
0x00007ffffc520000 - 0x00007ffffc527000 	C:\Windows\system32\PSAPI.DLL
0x00007ffffc690000 - 0x00007ffffc6e8000 	C:\Windows\system32\WS2_32.dll
0x00007ffff8d40000 - 0x00007ffff8d6a000 	C:\Windows\SYSTEM32\WINMMBASE.dll
0x00007ffffc510000 - 0x00007ffffc519000 	C:\Windows\system32\NSI.dll
0x00007ffffbda0000 - 0x00007ffffbdea000 	C:\Windows\SYSTEM32\cfgmgr32.dll
0x00007ffffa7d0000 - 0x00007ffffa7f6000 	C:\Windows\SYSTEM32\DEVOBJ.dll
0x00000000743c0000 - 0x00000000743cf000 	C:\Program Files\Java\jdk1.7.0_79\jre\bin\verify.dll
0x0000000072a40000 - 0x0000000072a68000 	C:\Program Files\Java\jdk1.7.0_79\jre\bin\java.dll
0x00000000743a0000 - 0x00000000743b5000 	C:\Program Files\Java\jdk1.7.0_79\jre\bin\zip.dll
0x0000000072860000 - 0x00000000729f5000 	C:\Program Files\Java\jdk1.7.0_79\jre\bin\awt.dll
0x00007ffffcfc0000 - 0x00007ffffd081000 	C:\Windows\system32\OLEAUT32.dll
0x00007ffffa030000 - 0x00007ffffa050000 	C:\Windows\system32\DWMAPI.DLL
0x00007ffffa650000 - 0x00007ffffa771000 	C:\Windows\system32\uxtheme.dll
0x00007ffffa610000 - 0x00007ffffa61a000 	C:\Windows\SYSTEM32\kernel.appcore.dll
0x00007ffffb7f0000 - 0x00007ffffb7fa000 	C:\Windows\SYSTEM32\CRYPTBASE.dll
0x00007ffffb780000 - 0x00007ffffb7e3000 	C:\Windows\SYSTEM32\bcryptPrimitives.dll
0x0000000072810000 - 0x0000000072857000 	C:\Program Files\Java\jdk1.7.0_79\jre\bin\fontmanager.dll
0x00007fffec8e0000 - 0x00007fffec920000 	C:\Program Files\WIDCOMM\Bluetooth Software\btmmhook.dll
0x0000000072a20000 - 0x0000000072a3a000 	C:\Program Files\Java\jdk1.7.0_79\jre\bin\net.dll
0x00007ffffb1b0000 - 0x00007ffffb208000 	C:\Windows\system32\mswsock.dll
0x0000000072a00000 - 0x0000000072a11000 	C:\Program Files\Java\jdk1.7.0_79\jre\bin\nio.dll
0x00000000727c0000 - 0x0000000072801000 	C:\Program Files\Java\jdk1.7.0_79\jre\bin\t2k.dll
0x00007ffff7e60000 - 0x00007ffff7fe9000 	C:\Windows\SYSTEM32\dbghelp.dll

VM Arguments:
jvm_args: -Dfile.encoding=UTF-8 
java_command: battleship.Battleship
Launcher Type: SUN_STANDARD

Environment Variables:
PATH=C:\Python27\;C:\Python27\Scripts;C:\Program Files\Broadcom\Broadcom 802.11 Network Adapter;C:\Program Files (x86)\Intel\iCLS Client\;C:\Program Files\Intel\iCLS Client\;C:\ProgramData\Oracle\Java\javapath;C:\Windows\system32;C:\Windows;C:\Windows\System32\Wbem;C:\Windows\System32\WindowsPowerShell\v1.0\;C:\Program Files (x86)\QuickTime\QTSystem\;C:\Program Files\Microsoft\Web Platform Installer\;C:\Program Files (x86)\Microsoft ASP.NET\ASP.NET Web Pages\v1.0\;C:\Program Files\Microsoft SQL Server\110\Tools\Binn\;C:\Program Files\Intel\Intel(R) Management Engine Components\DAL;C:\Program Files (x86)\Intel\Intel(R) Management Engine Components\DAL;C:\Program Files\Intel\Intel(R) Management Engine Components\IPT;C:\Program Files (x86)\Intel\Intel(R) Management Engine Components\IPT;C:\Program Files (x86)\NVIDIA Corporation\PhysX\Common;C:\Program Files\WIDCOMM\Bluetooth Software\;C:\Program Files\WIDCOMM\Bluetooth Software\syswow64;C:\OpenCV2410\opencv\build\x64\vc11\bin;C:\Program Files (x86)\Common Files\lenovo\easyplussdk\bin;C:\Windows\system32\config\systemprofile\.dnx\bin;C:\Program Files\Microsoft DNX\Dnvm\;C:\Program Files (x86)\Windows Kits\8.1\Windows Performance Toolkit\;C:\Program Files\Microsoft SQL Server\120\Tools\Binn\;C:\OpenCV2410\opencv\build\x64\vc12\bin;C:\Program Files\nodejs\;C:\Users\Anup Panwar\AppData\Roaming\npm
USERNAME=Anup Panwar
OS=Windows_NT
PROCESSOR_IDENTIFIER=Intel64 Family 6 Model 61 Stepping 4, GenuineIntel



---------------  S Y S T E M  ---------------

OS: Windows 8.1 , 64 bit Build 9600 

CPU:total 4 (2 cores per cpu, 2 threads per core) family 6 model 61 stepping 4, cmov, cx8, fxsr, mmx, sse, sse2, sse3, ssse3, sse4.1, sse4.2, popcnt, avx, avx2, aes, erms, ht, tsc, tscinvbit

Memory: 4k page, physical 8286000k(4586012k free), swap 33457968k(29616316k free)

vm_info: Java HotSpot(TM) 64-Bit Server VM (24.79-b02) for windows-amd64 JRE (1.7.0_79-b15), built on Apr 10 2015 12:36:16 by "java_re" with unknown MS VC++:1600

time: Sat Apr 09 00:35:55 2016
elapsed time: 29 seconds

